Training Starts
Training Starts
Iter 1 of 2492 loss -0.101327
Iter 2 of 2492 loss -0.075998
Iter 3 of 2492 loss -0.108587
Iter 4 of 2492 loss -0.068165
Iter 5 of 2492 loss -0.088134
Iter 6 of 2492 loss -0.114841
Iter 7 of 2492 loss -0.120163
Iter 8 of 2492 loss -0.122608
Iter 9 of 2492 loss -0.099676
Iter 10 of 2492 loss -0.098367
Iter 11 of 2492 loss -0.110655
Iter 12 of 2492 loss -0.130459
Iter 13 of 2492 loss -0.108264
Iter 14 of 2492 loss -0.116534
Iter 15 of 2492 loss -0.094963
Iter 16 of 2492 loss -0.126065
Iter 17 of 2492 loss -0.102553
Iter 18 of 2492 loss -0.085796
Iter 19 of 2492 loss -0.112478
Iter 20 of 2492 loss -0.081440
Iter 21 of 2492 loss -0.121032
Iter 22 of 2492 loss -0.123195
Iter 23 of 2492 loss -0.133628
Iter 24 of 2492 loss -0.136679
Iter 25 of 2492 loss -0.137152
Iter 26 of 2492 loss -0.119675
Iter 27 of 2492 loss -0.124274
Iter 28 of 2492 loss -0.104832
Iter 29 of 2492 loss -0.123557
Iter 30 of 2492 loss -0.103155
Iter 31 of 2492 loss -0.113264
Iter 32 of 2492 loss -0.120857
Iter 33 of 2492 loss -0.151506
Iter 34 of 2492 loss -0.102007
Iter 35 of 2492 loss -0.140570
Iter 36 of 2492 loss -0.116449
Iter 37 of 2492 loss -0.151034
Iter 38 of 2492 loss -0.145824
Iter 39 of 2492 loss -0.140075
Iter 40 of 2492 loss -0.105607
Iter 41 of 2492 loss -0.074212
Iter 42 of 2492 loss -0.148752
Iter 43 of 2492 loss -0.078748
Iter 44 of 2492 loss -0.129984
Iter 45 of 2492 loss -0.102127
Iter 46 of 2492 loss -0.162628
Iter 47 of 2492 loss -0.136843
Iter 48 of 2492 loss -0.125129
Iter 49 of 2492 loss -0.103209
Iter 50 of 2492 loss -0.144036
Iter 51 of 2492 loss -0.151328
Iter 52 of 2492 loss -0.129967
Iter 53 of 2492 loss -0.086314
Iter 54 of 2492 loss -0.156811
Iter 55 of 2492 loss -0.106354
Iter 56 of 2492 loss -0.112921
Iter 57 of 2492 loss -0.103601
Iter 58 of 2492 loss -0.130450
Iter 59 of 2492 loss -0.086196
Iter 60 of 2492 loss -0.124325
Iter 61 of 2492 loss -0.148157
Iter 62 of 2492 loss -0.120342
Iter 63 of 2492 loss -0.123251
Iter 64 of 2492 loss -0.119419
Iter 65 of 2492 loss -0.072228
Iter 66 of 2492 loss -0.101056
Iter 67 of 2492 loss -0.156608
Iter 68 of 2492 loss -0.096061
Iter 69 of 2492 loss -0.116096
Iter 70 of 2492 loss -0.103483
Iter 71 of 2492 loss -0.096888
Iter 72 of 2492 loss -0.128005
Iter 73 of 2492 loss -0.101817
Iter 74 of 2492 loss -0.089278
Iter 75 of 2492 loss -0.071336
Iter 76 of 2492 loss -0.086321
Iter 77 of 2492 loss -0.087633
Iter 78 of 2492 loss -0.072964
Iter 79 of 2492 loss -0.110888
Iter 80 of 2492 loss -0.084564
Iter 81 of 2492 loss -0.093701
Iter 82 of 2492 loss -0.096415
Iter 83 of 2492 loss -0.111107
Iter 84 of 2492 loss -0.117579
Iter 85 of 2492 loss -0.096745
Iter 86 of 2492 loss -0.122578
Iter 87 of 2492 loss -0.123411
Iter 88 of 2492 loss -0.108521
Iter 89 of 2492 loss -0.111604
Iter 90 of 2492 loss -0.094700
Iter 91 of 2492 loss -0.091124
Iter 92 of 2492 loss -0.107575
Iter 93 of 2492 loss -0.070701
Iter 94 of 2492 loss -0.147018
Iter 95 of 2492 loss -0.109921
Iter 96 of 2492 loss -0.132867
Iter 97 of 2492 loss -0.081931
Iter 98 of 2492 loss -0.127218
Iter 99 of 2492 loss -0.102020
Iter 100 of 2492 loss -0.090214
Iter 101 of 2492 loss -0.124960
Iter 102 of 2492 loss -0.132750
Iter 103 of 2492 loss -0.087406
Iter 104 of 2492 loss -0.147483
Iter 105 of 2492 loss -0.139091
Iter 106 of 2492 loss -0.311664
Iter 107 of 2492 loss -0.138131
Iter 108 of 2492 loss -0.113798
Iter 109 of 2492 loss -0.125985
Iter 110 of 2492 loss -0.133226
Iter 111 of 2492 loss -0.100352
Iter 112 of 2492 loss -0.108061
Iter 113 of 2492 loss -0.102817
Iter 114 of 2492 loss -0.108315
Iter 115 of 2492 loss -0.121283
Iter 116 of 2492 loss -0.106928
Iter 117 of 2492 loss -0.125966
Iter 118 of 2492 loss -0.097483
Iter 119 of 2492 loss -0.128568
Iter 120 of 2492 loss -0.113232
Iter 121 of 2492 loss -0.094235
Iter 122 of 2492 loss -0.113475
Iter 123 of 2492 loss -0.095533
Iter 124 of 2492 loss -0.129087
Iter 125 of 2492 loss -0.134461
Iter 126 of 2492 loss -0.117141
Iter 127 of 2492 loss -0.124291
Iter 128 of 2492 loss -0.135747
Iter 129 of 2492 loss -0.104109
Iter 130 of 2492 loss -0.144127
Iter 131 of 2492 loss -0.121132
Iter 132 of 2492 loss -0.140708
Iter 133 of 2492 loss -0.103663
Iter 134 of 2492 loss -0.108303
Iter 135 of 2492 loss -0.128002
Iter 136 of 2492 loss -0.164331
Iter 137 of 2492 loss -0.131464
Iter 138 of 2492 loss -0.116714
Iter 139 of 2492 loss -0.093611
Iter 140 of 2492 loss -0.127211
Iter 141 of 2492 loss -0.125933
Iter 142 of 2492 loss -0.112347
Iter 143 of 2492 loss -0.119344
Iter 144 of 2492 loss -0.093222
Iter 145 of 2492 loss -0.100451
Iter 146 of 2492 loss -0.071768
Iter 147 of 2492 loss -0.119737
Iter 148 of 2492 loss -0.136170
Iter 149 of 2492 loss -0.121753
Iter 150 of 2492 loss -0.120342
Iter 151 of 2492 loss -0.100274
Iter 152 of 2492 loss -0.088925
Iter 153 of 2492 loss -0.148142
Iter 154 of 2492 loss -0.135137
Iter 155 of 2492 loss -0.124492
Iter 156 of 2492 loss -0.123786
Iter 157 of 2492 loss -0.078831
Iter 158 of 2492 loss -0.108739
Iter 159 of 2492 loss -0.088394
Iter 160 of 2492 loss -0.138959
Iter 161 of 2492 loss -0.102471
Iter 162 of 2492 loss -0.117988
Iter 163 of 2492 loss -0.102270
Iter 164 of 2492 loss -0.095251
Iter 165 of 2492 loss -0.117257
Iter 166 of 2492 loss -0.119783
Iter 167 of 2492 loss -0.116615
Iter 168 of 2492 loss -0.099172
Iter 169 of 2492 loss -0.116486
Iter 170 of 2492 loss -0.089886
Iter 171 of 2492 loss -0.112765
Iter 172 of 2492 loss -0.091621
Iter 173 of 2492 loss -0.112015
Iter 174 of 2492 loss -0.128888
Iter 175 of 2492 loss -0.145691
Iter 176 of 2492 loss -0.102379
Iter 177 of 2492 loss -0.089040
Iter 178 of 2492 loss -0.104663
Iter 179 of 2492 loss -0.127273
Iter 180 of 2492 loss -0.106324
Iter 181 of 2492 loss -0.081115
Iter 182 of 2492 loss -0.106148
Iter 183 of 2492 loss -0.068159
Iter 184 of 2492 loss -0.120985
Iter 185 of 2492 loss -0.125958
Iter 186 of 2492 loss -0.070948
Iter 187 of 2492 loss -0.101448
Iter 188 of 2492 loss -0.113539
Iter 189 of 2492 loss -0.115748
Iter 190 of 2492 loss -0.152954
Iter 191 of 2492 loss -0.096944
Iter 192 of 2492 loss -0.117762
Iter 193 of 2492 loss -0.118237
Iter 194 of 2492 loss -0.093224
Iter 195 of 2492 loss -0.100752
Iter 196 of 2492 loss -0.130164
Iter 197 of 2492 loss -0.089890
Iter 198 of 2492 loss -0.138576
Iter 199 of 2492 loss -0.120057
Iter 200 of 2492 loss -0.107048
Iter 201 of 2492 loss -0.109335
Iter 202 of 2492 loss -0.121630
Iter 203 of 2492 loss -0.086098
Iter 204 of 2492 loss -0.099000
Iter 205 of 2492 loss -0.134445
Iter 206 of 2492 loss -0.098787
Iter 207 of 2492 loss -0.106858
Iter 208 of 2492 loss -0.087962
Iter 209 of 2492 loss -0.158089
Iter 210 of 2492 loss -0.135212
Iter 211 of 2492 loss -0.115482
Iter 212 of 2492 loss -0.121904
Iter 213 of 2492 loss -0.124362
Iter 214 of 2492 loss -0.121436
Iter 215 of 2492 loss -0.143490
Iter 216 of 2492 loss -0.139976
Iter 217 of 2492 loss -0.133852
Iter 218 of 2492 loss -0.119061
Iter 219 of 2492 loss -0.120085
Training Starts
Training Starts
Iter 1 of 204 loss -0.352748
Iter 2 of 204 loss -0.338950
Iter 3 of 204 loss -0.351188
Iter 4 of 204 loss -0.353009
Iter 5 of 204 loss -0.362158
Iter 6 of 204 loss -0.364127
Iter 7 of 204 loss -0.341617
Iter 8 of 204 loss -0.351887
Iter 9 of 204 loss -0.379983
Iter 10 of 204 loss -0.346717
Iter 11 of 204 loss -0.346291
Iter 12 of 204 loss -0.365598
Iter 13 of 204 loss -0.351502
Iter 14 of 204 loss -0.342093
Iter 15 of 204 loss -0.359779
Iter 16 of 204 loss -0.356973
Iter 17 of 204 loss -0.333520
Iter 18 of 204 loss -0.351033
Iter 19 of 204 loss -0.357313
Iter 20 of 204 loss -0.368336
Iter 21 of 204 loss -0.363896
Iter 22 of 204 loss -0.379887
Iter 23 of 204 loss -0.357947
Iter 24 of 204 loss -0.362513
Iter 25 of 204 loss -0.338215
Iter 26 of 204 loss -0.356161
Iter 27 of 204 loss -0.341820
Iter 28 of 204 loss -0.346144
Iter 29 of 204 loss -0.336909
Iter 30 of 204 loss -0.346120
Iter 31 of 204 loss -0.351710
Iter 32 of 204 loss -0.339611
Iter 33 of 204 loss -0.359770
Iter 34 of 204 loss -0.372573
Iter 35 of 204 loss -0.335301
Iter 36 of 204 loss -0.344734
Iter 37 of 204 loss -0.337761
Iter 38 of 204 loss -0.325157
Iter 39 of 204 loss -0.331503
Iter 40 of 204 loss -0.339184
Iter 41 of 204 loss -0.354124
Iter 42 of 204 loss -0.359789
Iter 43 of 204 loss -0.345878
Iter 44 of 204 loss -0.340388
Iter 45 of 204 loss -0.347621
Iter 46 of 204 loss -0.341901
Iter 47 of 204 loss -0.325069
Iter 48 of 204 loss -0.357743
Iter 49 of 204 loss -0.333469
Iter 50 of 204 loss -0.348337
Iter 51 of 204 loss -0.352537
Iter 52 of 204 loss -0.349850
Iter 53 of 204 loss -0.318340
Iter 54 of 204 loss -0.354144
Iter 55 of 204 loss -0.327386
Iter 56 of 204 loss -0.318876
Iter 57 of 204 loss -0.337109
Iter 58 of 204 loss -0.353707
Iter 59 of 204 loss -0.346111
Iter 60 of 204 loss -0.338171
Iter 61 of 204 loss -0.320056
Iter 62 of 204 loss -0.355511
Iter 63 of 204 loss -0.347556
Iter 64 of 204 loss -0.772189
Iter 65 of 204 loss -0.355444
Iter 66 of 204 loss -0.353968
Iter 67 of 204 loss -0.353061
Iter 68 of 204 loss -0.370336
Iter 69 of 204 loss -0.380808
Iter 70 of 204 loss -0.339329
Iter 71 of 204 loss -0.351787
Iter 72 of 204 loss -0.361392
Iter 73 of 204 loss -0.335321
Iter 74 of 204 loss -0.367491
Iter 75 of 204 loss -0.358895
Iter 76 of 204 loss -0.355954
Iter 77 of 204 loss -0.388278
Iter 78 of 204 loss -0.367967
Iter 79 of 204 loss -0.361947
Iter 80 of 204 loss -0.362229
Iter 81 of 204 loss -0.352035
Iter 82 of 204 loss -0.354904
Iter 83 of 204 loss -0.389326
Iter 84 of 204 loss -0.362338
Iter 85 of 204 loss -0.358370
Iter 86 of 204 loss -0.370354
Iter 87 of 204 loss -0.353512
Iter 88 of 204 loss -0.356506
Iter 89 of 204 loss -0.374220
Iter 90 of 204 loss -0.336561
Iter 91 of 204 loss -0.385325
Iter 92 of 204 loss -0.365252
Iter 93 of 204 loss -0.330307
Iter 94 of 204 loss -0.345236
Iter 95 of 204 loss -0.376877
Iter 96 of 204 loss -0.364442
Iter 97 of 204 loss -0.358710
Iter 98 of 204 loss -0.348271
Iter 99 of 204 loss -0.393050
Iter 100 of 204 loss -0.372067
Iter 101 of 204 loss -0.356446
Iter 102 of 204 loss -0.348755
Iter 103 of 204 loss -0.376391
Iter 104 of 204 loss -0.321044
Iter 105 of 204 loss -0.363538
Iter 106 of 204 loss -0.339554
Iter 107 of 204 loss -0.355825
Iter 108 of 204 loss -0.345000
Iter 109 of 204 loss -0.347012
Iter 110 of 204 loss -0.355666
Iter 111 of 204 loss -0.370486
Iter 112 of 204 loss -0.336357
Iter 113 of 204 loss -0.353407
Iter 114 of 204 loss -0.341829
Iter 115 of 204 loss -0.348415
Iter 116 of 204 loss -0.350985
Iter 117 of 204 loss -0.366195
Iter 118 of 204 loss -0.337656
Iter 119 of 204 loss -0.357599
Iter 120 of 204 loss -0.328067
Iter 121 of 204 loss -0.334466
Iter 122 of 204 loss -0.325925
Iter 123 of 204 loss -0.356065
Iter 124 of 204 loss -0.343965
Iter 125 of 204 loss -0.307834
Iter 126 of 204 loss -0.316411
Iter 127 of 204 loss -0.336934
Iter 128 of 204 loss -0.356031
Iter 129 of 204 loss -0.316315
Iter 130 of 204 loss -0.345109
Iter 131 of 204 loss -0.302978
Iter 132 of 204 loss -0.353585
Iter 133 of 204 loss -0.313303
Iter 134 of 204 loss -0.325363
Iter 135 of 204 loss -0.335517
Iter 136 of 204 loss -0.339131
Iter 137 of 204 loss -0.298973
Iter 138 of 204 loss -0.318748
Iter 139 of 204 loss -0.325618
Iter 140 of 204 loss -0.304960
Iter 141 of 204 loss -0.322803
Iter 142 of 204 loss -0.335928
Iter 143 of 204 loss -0.341624
Iter 144 of 204 loss -0.310517
Iter 145 of 204 loss -0.330971
Iter 146 of 204 loss -0.339509
Iter 147 of 204 loss -0.313331
Iter 148 of 204 loss -0.327559
Iter 149 of 204 loss -0.343390
Iter 150 of 204 loss -0.333948
Iter 151 of 204 loss -0.344950
Iter 152 of 204 loss -0.319837
Iter 153 of 204 loss -0.347210
Iter 154 of 204 loss -0.330045
Iter 155 of 204 loss -0.332460
Iter 156 of 204 loss -0.333647
Iter 157 of 204 loss -0.342509
Iter 158 of 204 loss -0.333596
Iter 159 of 204 loss -0.336906
Iter 160 of 204 loss -0.325265
Iter 161 of 204 loss -0.326408
Iter 162 of 204 loss -0.339457
Iter 163 of 204 loss -0.372787
Iter 164 of 204 loss -0.330272
Iter 165 of 204 loss -0.314376
Iter 166 of 204 loss -0.325874
Iter 167 of 204 loss -0.320464
Iter 168 of 204 loss -0.350823
Iter 169 of 204 loss -0.328581
Iter 170 of 204 loss -0.332786
Iter 171 of 204 loss -0.346489
Iter 172 of 204 loss -0.330014
Iter 173 of 204 loss -0.349446
Iter 174 of 204 loss -0.346411
Iter 175 of 204 loss -0.354792
Iter 176 of 204 loss -0.354116
Iter 177 of 204 loss -0.352067
Iter 178 of 204 loss -0.339189
Iter 179 of 204 loss -0.376259
Iter 180 of 204 loss -0.352835
Iter 181 of 204 loss -0.374250
Iter 182 of 204 loss -0.389109
Iter 183 of 204 loss -0.349491
Iter 184 of 204 loss -0.367759
Iter 185 of 204 loss -0.369358
Iter 186 of 204 loss -0.374931
Iter 187 of 204 loss -0.332311
Iter 188 of 204 loss -0.355076
Iter 189 of 204 loss -0.356923
Iter 190 of 204 loss -0.348888
Iter 191 of 204 loss -0.360402
Iter 192 of 204 loss -0.372401
Iter 193 of 204 loss -0.370116
Iter 194 of 204 loss -0.373368
Iter 195 of 204 loss -0.340290
Iter 196 of 204 loss -0.354708
Iter 197 of 204 loss -0.324873
Iter 198 of 204 loss -0.380906
Iter 199 of 204 loss -0.357647
Iter 200 of 204 loss -0.361370
Iter 201 of 204 loss -0.343631
Iter 202 of 204 loss -0.325643
Iter 203 of 204 loss -0.345928
Iter 204 of 204 loss -0.354487
Epoch 0, loss -0.3497
1987959040.0
2361916544.0
2118924842.6666667
2115041280.0
2080221260.8
2085177728.0
2102219154.2857144
2081394192.0
2195993472.0
2129204339.2
2088835386.1818182
2043765994.6666667
2049970619.0769231
2060053385.142857
2061705386.6666667
2098256720.0
2075106582.5882354
2061573632.0
2058693072.8421052
2055393292.8
2053373720.3809524
2051341230.5454545
Training Starts
Iter 1 of 204 loss -0.345539
Iter 2 of 204 loss -0.331743
Iter 3 of 204 loss -0.361390
Iter 4 of 204 loss -0.351434
Iter 5 of 204 loss -0.335037
Iter 6 of 204 loss -0.345255
Iter 7 of 204 loss -0.369048
Iter 8 of 204 loss -0.338756
Iter 9 of 204 loss -0.337851
Iter 10 of 204 loss -0.342998
Iter 11 of 204 loss -0.370312
Iter 12 of 204 loss -0.340334
Iter 13 of 204 loss -0.343084
Iter 14 of 204 loss -0.331517
Iter 15 of 204 loss -0.338057
Iter 16 of 204 loss -0.347435
Iter 17 of 204 loss -0.343321
Iter 18 of 204 loss -0.350126
Iter 19 of 204 loss -0.319200
Iter 20 of 204 loss -0.350115
Iter 21 of 204 loss -0.303066
Iter 22 of 204 loss -0.356020
Iter 23 of 204 loss -0.337656
Iter 24 of 204 loss -0.333951
